<?xml version="1.0" encoding="UTF-8"?>
<testsuite xmlns:xsi="http://www.w3.org/2001/XMLSchema-instance" xsi:noNamespaceSchemaLocation="https://maven.apache.org/surefire/maven-surefire-plugin/xsd/surefire-test-report-3.0.xsd" version="3.0" name="org.example.test.MainTest" time="39.367" tests="6" errors="0" skipped="0" failures="0">
  <properties>
[...]
</properties>
  <testcase name="testCrearCuentaView" classname="org.example.test.MainTest" time="6.504">
    <system-out><![CDATA[Cliente creado exitosamente.
Cuenta creada exitosamente.
Cuenta eliminada exitosamente.
Cliente eliminado exitosamente.
]]></system-out>
  </testcase>
  <testcase name="testCrearCliente" classname="org.example.test.MainTest" time="2.089">
    <system-out><![CDATA[Cliente creado exitosamente.
Cliente eliminado exitosamente.
]]></system-out>
  </testcase>
  <testcase name="testConexion" classname="org.example.test.MainTest" time="0.631"/>
  <testcase name="testCrearCuenta" classname="org.example.test.MainTest" time="5.094">
    <system-out><![CDATA[Cliente creado exitosamente.
Cuenta creada exitosamente.
Cuenta eliminada exitosamente.
Cliente eliminado exitosamente.
]]></system-out>
  </testcase>
  <testcase name="testHacerRetiro" classname="org.example.test.MainTest" time="7.925">
    <system-out><![CDATA[Cliente creado exitosamente.
Cuenta creada exitosamente.
Tu cuenta 99901 retiró -50.0$ el 05/05/2023 18:48:14
Retiro realizado!
Cuenta eliminada exitosamente.
Cliente eliminado exitosamente.
]]></system-out>
  </testcase>
  <testcase name="testHacerDeposito" classname="org.example.test.MainTest" time="17.103">
    <system-out><![CDATA[Cliente creado exitosamente.
Cliente creado exitosamente.
Cuenta creada exitosamente.
Cuenta creada exitosamente.
Tu cuenta 99801 retiró -200.0$ el 05/05/2023 18:48:24
700.0
La cuenta 99901 recibió +200.0$ el 05/05/2023 18:48:27
Deposito realizado! 200.0 a la cuenta de Perez Juan Alfonso
Cuenta eliminada exitosamente.
Cuenta eliminada exitosamente.
Cliente eliminado exitosamente.
Cliente eliminado exitosamente.
]]></system-out>
  </testcase>
</testsuite>